# JRE version: OpenJDK Runtime Environment Temurin-17.0.7+7 (17.0.7+7) (build 17.0.7+7)
# Java VM: OpenJDK 64-Bit Server VM Temurin-17.0.7+7 (17.0.7+7, mixed mode, tiered, compressed oops, compressed class ptrs, parallel gc, windows-amd64)
GC Precious Log:
 CPUs: 8 total, 8 available
 Memory: 3429M
 Large Page Support: Disabled
 NUMA Support: Disabled
 Compressed Oops: Enabled (32-bit)
 Alignments: Space 512K, Generation 512K, Heap 2M
 Heap Min Capacity: 100M
 Heap Initial Capacity: 100M
 Heap Max Capacity: 1G
 Pre-touch: Disabled
 Parallel Workers: 8
Heap:
 PSYoungGen      total 24064K, used 8057K [0x00000000eab00000, 0x00000000ec580000, 0x0000000100000000)
  eden space 20992K, 35% used [0x00000000eab00000,0x00000000eb24e7b8,0x00000000ebf80000)
  from space 3072K, 18% used [0x00000000ebf80000,0x00000000ec010000,0x00000000ec280000)
  to   space 3072K, 0% used [0x00000000ec280000,0x00000000ec280000,0x00000000ec580000)
 ParOldGen       total 68608K, used 39719K [0x00000000c0000000, 0x00000000c4300000, 0x00000000eab00000)
  object space 68608K, 57% used [0x00000000c0000000,0x00000000c26c9f60,0x00000000c4300000)
 Metaspace       used 57942K, committed 58880K, reserved 1114112K
  class space    used 6869K, committed 7296K, reserved 1048576K
GC Heap History (20 events):
Event: 6.464 GC heap before
{Heap before GC invocations=16 (full 2):
 PSYoungGen      total 24064K, used 23423K [0x00000000eab00000, 0x00000000ec500000, 0x0000000100000000)
  eden space 22016K, 99% used [0x00000000eab00000,0x00000000ec07ff90,0x00000000ec080000)
  from space 2048K, 68% used [0x00000000ec180000,0x00000000ec2e0000,0x00000000ec380000)
  to   space 1536K, 0% used [0x00000000ec380000,0x00000000ec380000,0x00000000ec500000)
 ParOldGen       total 68608K, used 15259K [0x00000000c0000000, 0x00000000c4300000, 0x00000000eab00000)
  object space 68608K, 22% used [0x00000000c0000000,0x00000000c0ee6f88,0x00000000c4300000)
 Metaspace       used 48589K, committed 49408K, reserved 1114112K
  class space    used 5395K, committed 5696K, reserved 1048576K
}
Event: 6.469 GC heap after
{Heap after GC invocations=16 (full 2):
 PSYoungGen      total 23040K, used 1528K [0x00000000eab00000, 0x00000000ec780000, 0x0000000100000000)
  eden space 21504K, 0% used [0x00000000eab00000,0x00000000eab00000,0x00000000ec000000)
  from space 1536K, 99% used [0x00000000ec380000,0x00000000ec4fe170,0x00000000ec500000)
  to   space 3584K, 0% used [0x00000000ec000000,0x00000000ec000000,0x00000000ec380000)
 ParOldGen       total 68608K, used 16667K [0x00000000c0000000, 0x00000000c4300000, 0x00000000eab00000)
  object space 68608K, 24% used [0x00000000c0000000,0x00000000c1046fa8,0x00000000c4300000)
 Metaspace       used 48589K, committed 49408K, reserved 1114112K
  class space    used 5395K, committed 5696K, reserved 1048576K
}
Event: 6.928 GC heap before
{Heap before GC invocations=17 (full 2):
 PSYoungGen      total 23040K, used 23032K [0x00000000eab00000, 0x00000000ec780000, 0x0000000100000000)
  eden space 21504K, 100% used [0x00000000eab00000,0x00000000ec000000,0x00000000ec000000)
  from space 1536K, 99% used [0x00000000ec380000,0x00000000ec4fe170,0x00000000ec500000)
  to   space 3584K, 0% used [0x00000000ec000000,0x00000000ec000000,0x00000000ec380000)
 ParOldGen       total 68608K, used 16667K [0x00000000c0000000, 0x00000000c4300000, 0x00000000eab00000)
  object space 68608K, 24% used [0x00000000c0000000,0x00000000c1046fa8,0x00000000c4300000)
 Metaspace       used 50052K, committed 50880K, reserved 1114112K
  class space    used 5639K, committed 6016K, reserved 1048576K
}
Event: 6.932 GC heap after
{Heap after GC invocations=17 (full 2):
 PSYoungGen      total 25088K, used 3572K [0x00000000eab00000, 0x00000000ec780000, 0x0000000100000000)
  eden space 21504K, 0% used [0x00000000eab00000,0x00000000eab00000,0x00000000ec000000)
  from space 3584K, 99% used [0x00000000ec000000,0x00000000ec37d2c0,0x00000000ec380000)
  to   space 1536K, 0% used [0x00000000ec380000,0x00000000ec380000,0x00000000ec500000)
 ParOldGen       total 68608K, used 22006K [0x00000000c0000000, 0x00000000c4300000, 0x00000000eab00000)
  object space 68608K, 32% used [0x00000000c0000000,0x00000000c157db50,0x00000000c4300000)
 Metaspace       used 50052K, committed 50880K, reserved 1114112K
  class space    used 5639K, committed 6016K, reserved 1048576K
}
Event: 7.351 GC heap before
{Heap before GC invocations=18 (full 2):
 PSYoungGen      total 25088K, used 25076K [0x00000000eab00000, 0x00000000ec780000, 0x0000000100000000)
  eden space 21504K, 100% used [0x00000000eab00000,0x00000000ec000000,0x00000000ec000000)
  from space 3584K, 99% used [0x00000000ec000000,0x00000000ec37d2c0,0x00000000ec380000)
  to   space 1536K, 0% used [0x00000000ec380000,0x00000000ec380000,0x00000000ec500000)
 ParOldGen       total 68608K, used 22006K [0x00000000c0000000, 0x00000000c4300000, 0x00000000eab00000)
  object space 68608K, 32% used [0x00000000c0000000,0x00000000c157db50,0x00000000c4300000)
 Metaspace       used 51066K, committed 51904K, reserved 1114112K
  class space    used 5801K, committed 6144K, reserved 1048576K
}
Event: 7.353 GC heap after
{Heap after GC invocations=18 (full 2):
 PSYoungGen      total 22528K, used 736K [0x00000000eab00000, 0x00000000ec800000, 0x0000000100000000)
  eden space 20992K, 0% used [0x00000000eab00000,0x00000000eab00000,0x00000000ebf80000)
  from space 1536K, 47% used [0x00000000ec380000,0x00000000ec438000,0x00000000ec500000)
  to   space 4096K, 0% used [0x00000000ebf80000,0x00000000ebf80000,0x00000000ec380000)
 ParOldGen       total 68608K, used 25526K [0x00000000c0000000, 0x00000000c4300000, 0x00000000eab00000)
  object space 68608K, 37% used [0x00000000c0000000,0x00000000c18ed880,0x00000000c4300000)
 Metaspace       used 51066K, committed 51904K, reserved 1114112K
  class space    used 5801K, committed 6144K, reserved 1048576K
}
Event: 7.646 GC heap before
{Heap before GC invocations=19 (full 2):
 PSYoungGen      total 22528K, used 21728K [0x00000000eab00000, 0x00000000ec800000, 0x0000000100000000)
  eden space 20992K, 100% used [0x00000000eab00000,0x00000000ebf80000,0x00000000ebf80000)
  from space 1536K, 47% used [0x00000000ec380000,0x00000000ec438000,0x00000000ec500000)
  to   space 4096K, 0% used [0x00000000ebf80000,0x00000000ebf80000,0x00000000ec380000)
 ParOldGen       total 68608K, used 25526K [0x00000000c0000000, 0x00000000c4300000, 0x00000000eab00000)
  object space 68608K, 37% used [0x00000000c0000000,0x00000000c18ed880,0x00000000c4300000)
 Metaspace       used 51157K, committed 52032K, reserved 1114112K
  class space    used 5817K, committed 6208K, reserved 1048576K
}
Event: 7.648 GC heap after
{Heap after GC invocations=19 (full 2):
 PSYoungGen      total 25088K, used 4064K [0x00000000eab00000, 0x00000000eca80000, 0x0000000100000000)
  eden space 20992K, 0% used [0x00000000eab00000,0x00000000eab00000,0x00000000ebf80000)
  from space 4096K, 99% used [0x00000000ebf80000,0x00000000ec378358,0x00000000ec380000)
  to   space 5632K, 0% used [0x00000000ec500000,0x00000000ec500000,0x00000000eca80000)
 ParOldGen       total 68608K, used 26128K [0x00000000c0000000, 0x00000000c4300000, 0x00000000eab00000)
  object space 68608K, 38% used [0x00000000c0000000,0x00000000c1984240,0x00000000c4300000)
 Metaspace       used 51157K, committed 52032K, reserved 1114112K
  class space    used 5817K, committed 6208K, reserved 1048576K
}
Event: 7.942 GC heap before
{Heap before GC invocations=20 (full 2):
 PSYoungGen      total 25088K, used 25056K [0x00000000eab00000, 0x00000000eca80000, 0x0000000100000000)
  eden space 20992K, 100% used [0x00000000eab00000,0x00000000ebf80000,0x00000000ebf80000)
  from space 4096K, 99% used [0x00000000ebf80000,0x00000000ec378358,0x00000000ec380000)
  to   space 5632K, 0% used [0x00000000ec500000,0x00000000ec500000,0x00000000eca80000)
 ParOldGen       total 68608K, used 26128K [0x00000000c0000000, 0x00000000c4300000, 0x00000000eab00000)
  object space 68608K, 38% used [0x00000000c0000000,0x00000000c1984240,0x00000000c4300000)
 Metaspace       used 53159K, committed 54016K, reserved 1114112K
  class space    used 6190K, committed 6528K, reserved 1048576K
}
Event: 7.945 GC heap after
{Heap after GC invocations=20 (full 2):
 PSYoungGen      total 22016K, used 832K [0x00000000eab00000, 0x00000000ec600000, 0x0000000100000000)
  eden space 20992K, 0% used [0x00000000eab00000,0x00000000eab00000,0x00000000ebf80000)
  from space 1024K, 81% used [0x00000000ec500000,0x00000000ec5d0020,0x00000000ec600000)
  to   space 2560K, 0% used [0x00000000ec100000,0x00000000ec100000,0x00000000ec380000)
 ParOldGen       total 68608K, used 30092K [0x00000000c0000000, 0x00000000c4300000, 0x00000000eab00000)
  object space 68608K, 43% used [0x00000000c0000000,0x00000000c1d631a0,0x00000000c4300000)
 Metaspace       used 53159K, committed 54016K, reserved 1114112K
  class space    used 6190K, committed 6528K, reserved 1048576K
}
Event: 8.229 GC heap before
{Heap before GC invocations=21 (full 2):
 PSYoungGen      total 22016K, used 20658K [0x00000000eab00000, 0x00000000ec600000, 0x0000000100000000)
  eden space 20992K, 94% used [0x00000000eab00000,0x00000000ebe5c8e8,0x00000000ebf80000)
  from space 1024K, 81% used [0x00000000ec500000,0x00000000ec5d0020,0x00000000ec600000)
  to   space 2560K, 0% used [0x00000000ec100000,0x00000000ec100000,0x00000000ec380000)
 ParOldGen       total 68608K, used 30092K [0x00000000c0000000, 0x00000000c4300000, 0x00000000eab00000)
  object space 68608K, 43% used [0x00000000c0000000,0x00000000c1d631a0,0x00000000c4300000)
 Metaspace       used 55440K, committed 56256K, reserved 1114112K
  class space    used 6512K, committed 6848K, reserved 1048576K
}
Event: 8.230 GC heap after
{Heap after GC invocations=21 (full 2):
 PSYoungGen      total 23552K, used 736K [0x00000000eab00000, 0x00000000ec580000, 0x0000000100000000)
  eden space 20992K, 0% used [0x00000000eab00000,0x00000000eab00000,0x00000000ebf80000)
  from space 2560K, 28% used [0x00000000ec100000,0x00000000ec1b8000,0x00000000ec380000)
  to   space 1024K, 0% used [0x00000000ec480000,0x00000000ec480000,0x00000000ec580000)
 ParOldGen       total 68608K, used 30820K [0x00000000c0000000, 0x00000000c4300000, 0x00000000eab00000)
  object space 68608K, 44% used [0x00000000c0000000,0x00000000c1e19200,0x00000000c4300000)
 Metaspace       used 55440K, committed 56256K, reserved 1114112K
  class space    used 6512K, committed 6848K, reserved 1048576K
}
Event: 8.357 GC heap before
{Heap before GC invocations=22 (full 2):
 PSYoungGen      total 23552K, used 21723K [0x00000000eab00000, 0x00000000ec580000, 0x0000000100000000)
  eden space 20992K, 99% used [0x00000000eab00000,0x00000000ebf7ee78,0x00000000ebf80000)
  from space 2560K, 28% used [0x00000000ec100000,0x00000000ec1b8000,0x00000000ec380000)
  to   space 1024K, 0% used [0x00000000ec480000,0x00000000ec480000,0x00000000ec580000)
 ParOldGen       total 68608K, used 30820K [0x00000000c0000000, 0x00000000c4300000, 0x00000000eab00000)
  object space 68608K, 44% used [0x00000000c0000000,0x00000000c1e19200,0x00000000c4300000)
 Metaspace       used 55907K, committed 56768K, reserved 1114112K
  class space    used 6572K, committed 6912K, reserved 1048576K
}
Event: 8.360 GC heap after
{Heap after GC invocations=22 (full 2):
 PSYoungGen      total 22016K, used 996K [0x00000000eab00000, 0x00000000ec580000, 0x0000000100000000)
  eden space 20992K, 0% used [0x00000000eab00000,0x00000000eab00000,0x00000000ebf80000)
  from space 1024K, 97% used [0x00000000ec480000,0x00000000ec5790d0,0x00000000ec580000)
  to   space 3072K, 0% used [0x00000000ebf80000,0x00000000ebf80000,0x00000000ec280000)
 ParOldGen       total 68608K, used 32459K [0x00000000c0000000, 0x00000000c4300000, 0x00000000eab00000)
  object space 68608K, 47% used [0x00000000c0000000,0x00000000c1fb2e78,0x00000000c4300000)
 Metaspace       used 55907K, committed 56768K, reserved 1114112K
  class space    used 6572K, committed 6912K, reserved 1048576K
}
Event: 8.831 GC heap before
{Heap before GC invocations=23 (full 2):
 PSYoungGen      total 22016K, used 21988K [0x00000000eab00000, 0x00000000ec580000, 0x0000000100000000)
  eden space 20992K, 100% used [0x00000000eab00000,0x00000000ebf80000,0x00000000ebf80000)
  from space 1024K, 97% used [0x00000000ec480000,0x00000000ec5790d0,0x00000000ec580000)
  to   space 3072K, 0% used [0x00000000ebf80000,0x00000000ebf80000,0x00000000ec280000)
 ParOldGen       total 68608K, used 32459K [0x00000000c0000000, 0x00000000c4300000, 0x00000000eab00000)
  object space 68608K, 47% used [0x00000000c0000000,0x00000000c1fb2e78,0x00000000c4300000)
 Metaspace       used 56225K, committed 57088K, reserved 1114112K
  class space    used 6591K, committed 6976K, reserved 1048576K
}
Event: 8.834 GC heap after
{Heap after GC invocations=23 (full 2):
 PSYoungGen      total 24064K, used 1184K [0x00000000eab00000, 0x00000000ec500000, 0x0000000100000000)
  eden space 20992K, 0% used [0x00000000eab00000,0x00000000eab00000,0x00000000ebf80000)
  from space 3072K, 38% used [0x00000000ebf80000,0x00000000ec0a8000,0x00000000ec280000)
  to   space 2048K, 0% used [0x00000000ec300000,0x00000000ec300000,0x00000000ec500000)
 ParOldGen       total 68608K, used 33488K [0x00000000c0000000, 0x00000000c4300000, 0x00000000eab00000)
  object space 68608K, 48% used [0x00000000c0000000,0x00000000c20b40c8,0x00000000c4300000)
 Metaspace       used 56225K, committed 57088K, reserved 1114112K
  class space    used 6591K, committed 6976K, reserved 1048576K
}
Event: 9.273 GC heap before
{Heap before GC invocations=24 (full 2):
 PSYoungGen      total 24064K, used 22176K [0x00000000eab00000, 0x00000000ec500000, 0x0000000100000000)
  eden space 20992K, 100% used [0x00000000eab00000,0x00000000ebf80000,0x00000000ebf80000)
  from space 3072K, 38% used [0x00000000ebf80000,0x00000000ec0a8000,0x00000000ec280000)
  to   space 2048K, 0% used [0x00000000ec300000,0x00000000ec300000,0x00000000ec500000)
 ParOldGen       total 68608K, used 33488K [0x00000000c0000000, 0x00000000c4300000, 0x00000000eab00000)
  object space 68608K, 48% used [0x00000000c0000000,0x00000000c20b40c8,0x00000000c4300000)
 Metaspace       used 56927K, committed 57856K, reserved 1114112K
  class space    used 6692K, committed 7104K, reserved 1048576K
}
Event: 9.276 GC heap after
{Heap after GC invocations=24 (full 2):
 PSYoungGen      total 23040K, used 2028K [0x00000000eab00000, 0x00000000ec500000, 0x0000000100000000)
  eden space 20992K, 0% used [0x00000000eab00000,0x00000000eab00000,0x00000000ebf80000)
  from space 2048K, 99% used [0x00000000ec300000,0x00000000ec4fb060,0x00000000ec500000)
  to   space 3072K, 0% used [0x00000000ebf80000,0x00000000ebf80000,0x00000000ec280000)
 ParOldGen       total 68608K, used 37702K [0x00000000c0000000, 0x00000000c4300000, 0x00000000eab00000)
  object space 68608K, 54% used [0x00000000c0000000,0x00000000c24d1888,0x00000000c4300000)
 Metaspace       used 56927K, committed 57856K, reserved 1114112K
  class space    used 6692K, committed 7104K, reserved 1048576K
}
Event: 9.566 GC heap before
{Heap before GC invocations=25 (full 2):
 PSYoungGen      total 23040K, used 23020K [0x00000000eab00000, 0x00000000ec500000, 0x0000000100000000)
  eden space 20992K, 100% used [0x00000000eab00000,0x00000000ebf80000,0x00000000ebf80000)
  from space 2048K, 99% used [0x00000000ec300000,0x00000000ec4fb060,0x00000000ec500000)
  to   space 3072K, 0% used [0x00000000ebf80000,0x00000000ebf80000,0x00000000ec280000)
 ParOldGen       total 68608K, used 37702K [0x00000000c0000000, 0x00000000c4300000, 0x00000000eab00000)
  object space 68608K, 54% used [0x00000000c0000000,0x00000000c24d1888,0x00000000c4300000)
 Metaspace       used 57938K, committed 58880K, reserved 1114112K
  class space    used 6869K, committed 7296K, reserved 1048576K
}
Event: 9.569 GC heap after
{Heap after GC invocations=25 (full 2):
 PSYoungGen      total 24064K, used 576K [0x00000000eab00000, 0x00000000ec580000, 0x0000000100000000)
  eden space 20992K, 0% used [0x00000000eab00000,0x00000000eab00000,0x00000000ebf80000)
  from space 3072K, 18% used [0x00000000ebf80000,0x00000000ec010000,0x00000000ec280000)
  to   space 3072K, 0% used [0x00000000ec280000,0x00000000ec280000,0x00000000ec580000)
 ParOldGen       total 68608K, used 39719K [0x00000000c0000000, 0x00000000c4300000, 0x00000000eab00000)
  object space 68608K, 57% used [0x00000000c0000000,0x00000000c26c9f60,0x00000000c4300000)
 Metaspace       used 57938K, committed 58880K, reserved 1114112K
  class space    used 6869K, committed 7296K, reserved 1048576K
}

