# JRE version: OpenJDK Runtime Environment (8.0) (build 1.8.0-adoptopenjdk-_2018_05_19_00_59-b00)
# Java VM: OpenJDK 64-Bit Server VM (25.71-b00 mixed mode windows-amd64 compressed oops)
Heap:
 PSYoungGen      total 141824K, used 17813K [0x00000000f5580000, 0x00000000fea80000, 0x0000000100000000)
  eden space 131072K, 13% used [0x00000000f5580000,0x00000000f66e5410,0x00000000fd580000)
  from space 10752K, 0% used [0x00000000fe000000,0x00000000fe000000,0x00000000fea80000)
  to   space 10752K, 0% used [0x00000000fd580000,0x00000000fd580000,0x00000000fe000000)
 ParOldGen       total 175104K, used 16101K [0x00000000e0000000, 0x00000000eab00000, 0x00000000f5580000)
  object space 175104K, 9% used [0x00000000e0000000,0x00000000e0fb9628,0x00000000eab00000)
 Metaspace       used 37617K, capacity 39296K, committed 39552K, reserved 1083392K
  class space    used 5319K, capacity 5707K, committed 5760K, reserved 1048576K
GC Heap History (10 events):
Event: 2.420 GC heap before
{Heap before GC invocations=4 (full 0):
 PSYoungGen      total 76288K, used 52373K [0x00000000f5580000, 0x00000000fea80000, 0x0000000100000000)
  eden space 65536K, 63% used [0x00000000f5580000,0x00000000f7e2aca8,0x00000000f9580000)
  from space 10752K, 99% used [0x00000000f9580000,0x00000000f9ffa768,0x00000000fa000000)
  to   space 10752K, 0% used [0x00000000fe000000,0x00000000fe000000,0x00000000fea80000)
 ParOldGen       total 175104K, used 94K [0x00000000e0000000, 0x00000000eab00000, 0x00000000f5580000)
  object space 175104K, 0% used [0x00000000e0000000,0x00000000e0017af8,0x00000000eab00000)
 Metaspace       used 20457K, capacity 21174K, committed 21296K, reserved 1067008K
  class space    used 2934K, capacity 3133K, committed 3200K, reserved 1048576K
Event: 2.431 GC heap after
Heap after GC invocations=4 (full 0):
 PSYoungGen      total 141824K, used 10365K [0x00000000f5580000, 0x00000000fea80000, 0x0000000100000000)
  eden space 131072K, 0% used [0x00000000f5580000,0x00000000f5580000,0x00000000fd580000)
  from space 10752K, 96% used [0x00000000fe000000,0x00000000fea1f7e8,0x00000000fea80000)
  to   space 10752K, 0% used [0x00000000fd580000,0x00000000fd580000,0x00000000fe000000)
 ParOldGen       total 175104K, used 102K [0x00000000e0000000, 0x00000000eab00000, 0x00000000f5580000)
  object space 175104K, 0% used [0x00000000e0000000,0x00000000e0019af8,0x00000000eab00000)
 Metaspace       used 20457K, capacity 21174K, committed 21296K, reserved 1067008K
  class space    used 2934K, capacity 3133K, committed 3200K, reserved 1048576K
}
Event: 2.431 GC heap before
{Heap before GC invocations=5 (full 1):
 PSYoungGen      total 141824K, used 10365K [0x00000000f5580000, 0x00000000fea80000, 0x0000000100000000)
  eden space 131072K, 0% used [0x00000000f5580000,0x00000000f5580000,0x00000000fd580000)
  from space 10752K, 96% used [0x00000000fe000000,0x00000000fea1f7e8,0x00000000fea80000)
  to   space 10752K, 0% used [0x00000000fd580000,0x00000000fd580000,0x00000000fe000000)
 ParOldGen       total 175104K, used 102K [0x00000000e0000000, 0x00000000eab00000, 0x00000000f5580000)
  object space 175104K, 0% used [0x00000000e0000000,0x00000000e0019af8,0x00000000eab00000)
 Metaspace       used 20457K, capacity 21174K, committed 21296K, reserved 1067008K
  class space    used 2934K, capacity 3133K, committed 3200K, reserved 1048576K
Event: 2.467 GC heap after
Heap after GC invocations=5 (full 1):
 PSYoungGen      total 141824K, used 0K [0x00000000f5580000, 0x00000000fea80000, 0x0000000100000000)
  eden space 131072K, 0% used [0x00000000f5580000,0x00000000f5580000,0x00000000fd580000)
  from space 10752K, 0% used [0x00000000fe000000,0x00000000fe000000,0x00000000fea80000)
  to   space 10752K, 0% used [0x00000000fd580000,0x00000000fd580000,0x00000000fe000000)
 ParOldGen       total 175104K, used 10057K [0x00000000e0000000, 0x00000000eab00000, 0x00000000f5580000)
  object space 175104K, 5% used [0x00000000e0000000,0x00000000e09d2558,0x00000000eab00000)
 Metaspace       used 20457K, capacity 21174K, committed 21296K, reserved 1067008K
  class space    used 2934K, capacity 3133K, committed 3200K, reserved 1048576K
}
Event: 3.629 GC heap before
{Heap before GC invocations=6 (full 1):
 PSYoungGen      total 141824K, used 131072K [0x00000000f5580000, 0x00000000fea80000, 0x0000000100000000)
  eden space 131072K, 100% used [0x00000000f5580000,0x00000000fd580000,0x00000000fd580000)
  from space 10752K, 0% used [0x00000000fe000000,0x00000000fe000000,0x00000000fea80000)
  to   space 10752K, 0% used [0x00000000fd580000,0x00000000fd580000,0x00000000fe000000)
 ParOldGen       total 175104K, used 10057K [0x00000000e0000000, 0x00000000eab00000, 0x00000000f5580000)
  object space 175104K, 5% used [0x00000000e0000000,0x00000000e09d2558,0x00000000eab00000)
 Metaspace       used 30691K, capacity 32052K, committed 32256K, reserved 1077248K
  class space    used 4521K, capacity 4856K, committed 4864K, reserved 1048576K
Event: 3.643 GC heap after
Heap after GC invocations=6 (full 1):
 PSYoungGen      total 141824K, used 10746K [0x00000000f5580000, 0x00000000fea80000, 0x0000000100000000)
  eden space 131072K, 0% used [0x00000000f5580000,0x00000000f5580000,0x00000000fd580000)
  from space 10752K, 99% used [0x00000000fd580000,0x00000000fdffeb38,0x00000000fe000000)
  to   space 10752K, 0% used [0x00000000fe000000,0x00000000fe000000,0x00000000fea80000)
 ParOldGen       total 175104K, used 11532K [0x00000000e0000000, 0x00000000eab00000, 0x00000000f5580000)
  object space 175104K, 6% used [0x00000000e0000000,0x00000000e0b43208,0x00000000eab00000)
 Metaspace       used 30691K, capacity 32052K, committed 32256K, reserved 1077248K
  class space    used 4521K, capacity 4856K, committed 4864K, reserved 1048576K
}
Event: 4.096 GC heap before
{Heap before GC invocations=7 (full 1):
 PSYoungGen      total 141824K, used 51067K [0x00000000f5580000, 0x00000000fea80000, 0x0000000100000000)
  eden space 131072K, 30% used [0x00000000f5580000,0x00000000f7ce0270,0x00000000fd580000)
  from space 10752K, 99% used [0x00000000fd580000,0x00000000fdffeb38,0x00000000fe000000)
  to   space 10752K, 0% used [0x00000000fe000000,0x00000000fe000000,0x00000000fea80000)
 ParOldGen       total 175104K, used 11532K [0x00000000e0000000, 0x00000000eab00000, 0x00000000f5580000)
  object space 175104K, 6% used [0x00000000e0000000,0x00000000e0b43208,0x00000000eab00000)
 Metaspace       used 33868K, capacity 35390K, committed 35456K, reserved 1079296K
  class space    used 4886K, capacity 5243K, committed 5248K, reserved 1048576K
Event: 4.104 GC heap after
Heap after GC invocations=7 (full 1):
 PSYoungGen      total 141824K, used 8673K [0x00000000f5580000, 0x00000000fea80000, 0x0000000100000000)
  eden space 131072K, 0% used [0x00000000f5580000,0x00000000f5580000,0x00000000fd580000)
  from space 10752K, 80% used [0x00000000fe000000,0x00000000fe878448,0x00000000fea80000)
  to   space 10752K, 0% used [0x00000000fd580000,0x00000000fd580000,0x00000000fe000000)
 ParOldGen       total 175104K, used 11540K [0x00000000e0000000, 0x00000000eab00000, 0x00000000f5580000)
  object space 175104K, 6% used [0x00000000e0000000,0x00000000e0b45208,0x00000000eab00000)
 Metaspace       used 33868K, capacity 35390K, committed 35456K, reserved 1079296K
  class space    used 4886K, capacity 5243K, committed 5248K, reserved 1048576K
}
Event: 4.105 GC heap before
{Heap before GC invocations=8 (full 2):
 PSYoungGen      total 141824K, used 8673K [0x00000000f5580000, 0x00000000fea80000, 0x0000000100000000)
  eden space 131072K, 0% used [0x00000000f5580000,0x00000000f5580000,0x00000000fd580000)
  from space 10752K, 80% used [0x00000000fe000000,0x00000000fe878448,0x00000000fea80000)
  to   space 10752K, 0% used [0x00000000fd580000,0x00000000fd580000,0x00000000fe000000)
 ParOldGen       total 175104K, used 11540K [0x00000000e0000000, 0x00000000eab00000, 0x00000000f5580000)
  object space 175104K, 6% used [0x00000000e0000000,0x00000000e0b45208,0x00000000eab00000)
 Metaspace       used 33868K, capacity 35390K, committed 35456K, reserved 1079296K
  class space    used 4886K, capacity 5243K, committed 5248K, reserved 1048576K
Event: 4.147 GC heap after
Heap after GC invocations=8 (full 2):
 PSYoungGen      total 141824K, used 0K [0x00000000f5580000, 0x00000000fea80000, 0x0000000100000000)
  eden space 131072K, 0% used [0x00000000f5580000,0x00000000f5580000,0x00000000fd580000)
  from space 10752K, 0% used [0x00000000fe000000,0x00000000fe000000,0x00000000fea80000)
  to   space 10752K, 0% used [0x00000000fd580000,0x00000000fd580000,0x00000000fe000000)
 ParOldGen       total 175104K, used 16101K [0x00000000e0000000, 0x00000000eab00000, 0x00000000f5580000)
  object space 175104K, 9% used [0x00000000e0000000,0x00000000e0fb9628,0x00000000eab00000)
 Metaspace       used 33868K, capacity 35390K, committed 35456K, reserved 1079296K
  class space    used 4886K, capacity 5243K, committed 5248K, reserved 1048576K
}

